{"level":40,"time":1670086093196,"pid":2435,"hostname":"MacBook-Pro-de-Christian.local","msg":"Ruta GET /api/productos no está implementada"}
{"level":40,"time":1670086093875,"pid":2435,"hostname":"MacBook-Pro-de-Christian.local","msg":"Ruta GET /favicon.ico no está implementada"}
{"level":40,"time":1670086103204,"pid":2435,"hostname":"MacBook-Pro-de-Christian.local","msg":"Ruta GET /api/productos no está implementada"}
{"level":40,"time":1670086103254,"pid":2435,"hostname":"MacBook-Pro-de-Christian.local","msg":"Ruta GET /favicon.ico no está implementada"}
{"level":40,"time":1670086104793,"pid":2435,"hostname":"MacBook-Pro-de-Christian.local","msg":"Ruta GET /api/productos no está implementada"}
{"level":40,"time":1670086104839,"pid":2435,"hostname":"MacBook-Pro-de-Christian.local","msg":"Ruta GET /favicon.ico no está implementada"}
{"level":40,"time":1670086157507,"pid":2465,"hostname":"MacBook-Pro-de-Christian.local","msg":"Ruta GET /favicon.ico no está implementada"}
{"level":40,"time":1670086180717,"pid":2465,"hostname":"MacBook-Pro-de-Christian.local","msg":"Ruta GET /favicon.ico no está implementada"}
{"level":40,"time":1670086259820,"pid":2465,"hostname":"MacBook-Pro-de-Christian.local","msg":"Ruta GET /favicon.ico no está implementada"}
{"level":40,"time":1670086269840,"pid":2465,"hostname":"MacBook-Pro-de-Christian.local","msg":"Ruta GET /favicon.ico no está implementada"}
{"level":40,"time":1670086393372,"pid":2646,"hostname":"MacBook-Pro-de-Christian.local","msg":"Ruta GET /favicon.ico no está implementada"}
{"level":40,"time":1670086399263,"pid":2646,"hostname":"MacBook-Pro-de-Christian.local","msg":"Ruta GET /favicon.ico no está implementada"}
{"level":40,"time":1670086403504,"pid":2646,"hostname":"MacBook-Pro-de-Christian.local","msg":"Ruta GET /favicon.ico no está implementada"}
{"level":40,"time":1675192405360,"pid":14761,"hostname":"Christians-MacBook-Pro.local","msg":"Ruta GET / no está implementada"}
{"level":40,"time":1675192411717,"pid":14761,"hostname":"Christians-MacBook-Pro.local","msg":"Ruta GET /favicon.ico no está implementada"}
{"level":40,"time":1675192514417,"pid":14761,"hostname":"Christians-MacBook-Pro.local","msg":"Ruta GET /favicon.ico no está implementada"}
{"level":40,"time":1675192518946,"pid":14761,"hostname":"Christians-MacBook-Pro.local","msg":"Ruta GET /favicon.ico no está implementada"}
{"level":40,"time":1675192524476,"pid":14761,"hostname":"Christians-MacBook-Pro.local","msg":"Ruta GET /favicon.ico no está implementada"}
{"level":40,"time":1675192532469,"pid":14761,"hostname":"Christians-MacBook-Pro.local","msg":"Ruta GET /favicon.ico no está implementada"}
{"level":40,"time":1675192534041,"pid":14761,"hostname":"Christians-MacBook-Pro.local","msg":"Ruta GET /favicon.ico no está implementada"}
{"level":40,"time":1675192538109,"pid":14761,"hostname":"Christians-MacBook-Pro.local","msg":"Ruta GET /favicon.ico no está implementada"}
{"level":40,"time":1675192557156,"pid":14761,"hostname":"Christians-MacBook-Pro.local","msg":"Ruta GET /favicon.ico no está implementada"}
{"level":40,"time":1675192558509,"pid":14761,"hostname":"Christians-MacBook-Pro.local","msg":"Ruta GET /favicon.ico no está implementada"}
{"level":40,"time":1675192561733,"pid":14761,"hostname":"Christians-MacBook-Pro.local","msg":"Ruta GET /favicon.ico no está implementada"}
{"level":40,"time":1675192610791,"pid":14761,"hostname":"Christians-MacBook-Pro.local","msg":"Ruta GET /favicon.ico no está implementada"}
{"level":40,"time":1675192698436,"pid":14830,"hostname":"Christians-MacBook-Pro.local","msg":"Ruta GET /favicon.ico no está implementada"}
{"level":40,"time":1675192777459,"pid":14898,"hostname":"Christians-MacBook-Pro.local","msg":"Ruta GET /favicon.ico no está implementada"}
{"level":40,"time":1675192930541,"pid":14923,"hostname":"Christians-MacBook-Pro.local","msg":"Ruta GET /favicon.ico no está implementada"}
{"level":40,"time":1675192937930,"pid":14923,"hostname":"Christians-MacBook-Pro.local","msg":"Ruta GET / no está implementada"}
{"level":40,"time":1675192937949,"pid":14923,"hostname":"Christians-MacBook-Pro.local","msg":"Ruta GET /favicon.ico no está implementada"}
{"level":40,"time":1675193060288,"pid":14923,"hostname":"Christians-MacBook-Pro.local","msg":"Ruta GET /favicon.ico no está implementada"}
{"level":40,"time":1675193064409,"pid":14923,"hostname":"Christians-MacBook-Pro.local","msg":"Ruta GET / no está implementada"}
{"level":40,"time":1675193064433,"pid":14923,"hostname":"Christians-MacBook-Pro.local","msg":"Ruta GET /favicon.ico no está implementada"}
{"level":40,"time":1675193075224,"pid":14969,"hostname":"Christians-MacBook-Pro.local","msg":"Ruta GET /favicon.ico no está implementada"}
{"level":40,"time":1675193079903,"pid":14969,"hostname":"Christians-MacBook-Pro.local","msg":"Ruta GET /favicon.ico no está implementada"}
{"level":40,"time":1675193134601,"pid":15011,"hostname":"Christians-MacBook-Pro.local","msg":"Ruta GET /favicon.ico no está implementada"}
{"level":40,"time":1675193138292,"pid":15011,"hostname":"Christians-MacBook-Pro.local","msg":"Ruta GET /favicon.ico no está implementada"}
{"level":40,"time":1675195535328,"pid":15225,"hostname":"Christians-MacBook-Pro.local","msg":"Ruta GET /favicon.ico no está implementada"}
{"level":40,"time":1675195540359,"pid":15225,"hostname":"Christians-MacBook-Pro.local","msg":"Ruta GET /favicon.ico no está implementada"}
{"level":40,"time":1675219236940,"pid":16120,"hostname":"Christians-MacBook-Pro.local","msg":"Ruta GET /favicon.ico no está implementada"}
{"level":40,"time":1675219242463,"pid":16120,"hostname":"Christians-MacBook-Pro.local","msg":"Ruta GET /favicon.ico no está implementada"}
{"level":40,"time":1675219327193,"pid":16180,"hostname":"Christians-MacBook-Pro.local","msg":"Ruta GET /api/productos/id=eyJhbGciOiJIUzI1NiIsInR5cCI6IkpXVCJ9.eyJkYXRhIjp7Il9pZCI6IjYzOGE1Zjg5YTYzNTM1Y2IwMjVlMzliYSIsInVzZXJuYW1lIjoiY3dvb2xmMjEwNzk5QGdtYWlsLmNvbSIsInBhc3N3b3JkIjoiJDJiJDEwJDFNYVB1UWVGc21QNmhHMzgxeVRGMWVvWW4uS3kvMDdxVlAuSGVWLkVjc1ZhN1RUSE9ZWFptIiwidXNlciI6IkNocmlzdGlhbiIsImFkcmVzcyI6InBydWViYUFkcmVzczMiLCJudW1iZXIiOiIrNTI1NTM0NjYwODg3IiwiYWdlIjoiMjMiLCJwaG90byI6Imh0dHBzOi8vaS5wY21hZy5jb20vaW1hZ2VyeS9yZXZpZXdzLzAzYWl6eWxVVkFwZHlMQUlrdTFBdlJWLTM5LmZpdF9zY2FsZS5zaXplXzc2MHg0MjcudjE2MDU1NTk5MDMucG5nIiwiX192IjowfSwiaWF0IjoxNjc1MjE5MjQyLCJleHAiOjE2NzUzMDU2NDJ9.zANpWiZLpaNSfYQrCHPkSOEs9mAOEX4zua3HK9WvcUY no está implementada"}
{"level":40,"time":1675219376963,"pid":16180,"hostname":"Christians-MacBook-Pro.local","msg":"Ruta GET /favicon.ico no está implementada"}
{"level":40,"time":1675219381410,"pid":16180,"hostname":"Christians-MacBook-Pro.local","msg":"Ruta GET /favicon.ico no está implementada"}
{"level":40,"time":1675305151387,"pid":17035,"hostname":"Christians-MacBook-Pro.local","msg":"Ruta GET /favicon.ico no está implementada"}
{"level":40,"time":1675305154672,"pid":17035,"hostname":"Christians-MacBook-Pro.local","msg":"Ruta GET /login2 no está implementada"}
{"level":40,"time":1675305154941,"pid":17035,"hostname":"Christians-MacBook-Pro.local","msg":"Ruta GET /favicon.ico no está implementada"}
{"level":40,"time":1675305158233,"pid":17035,"hostname":"Christians-MacBook-Pro.local","msg":"Ruta GET /favicon.ico no está implementada"}
{"level":40,"time":1675305328159,"pid":17035,"hostname":"Christians-MacBook-Pro.local","msg":"Ruta GET /favicon.ico no está implementada"}
{"level":40,"time":1675305424936,"pid":17121,"hostname":"Christians-MacBook-Pro.local","msg":"Ruta GET /favicon.ico no está implementada"}
{"level":40,"time":1675305426752,"pid":17121,"hostname":"Christians-MacBook-Pro.local","msg":"Ruta GET /favicon.ico no está implementada"}
{"level":40,"time":1675305432108,"pid":17121,"hostname":"Christians-MacBook-Pro.local","msg":"Ruta GET /favicon.ico no está implementada"}
{"level":40,"time":1675305433556,"pid":17121,"hostname":"Christians-MacBook-Pro.local","msg":"Ruta GET /favicon.ico no está implementada"}
{"level":40,"time":1675305438019,"pid":17121,"hostname":"Christians-MacBook-Pro.local","msg":"Ruta GET /favicon.ico no está implementada"}
{"level":40,"time":1675305484363,"pid":17121,"hostname":"Christians-MacBook-Pro.local","msg":"Ruta GET /api/producto?id=eyJhbGciOiJIUzI1NiIsInR5cCI6IkpXVCJ9.eyJkYXRhIjp7InVzZXJuYW1lIjoiY3dvb2xmMjEwNzk5QGdtYWlsLmNvbSIsInBhc3N3b3JkIjoiMTIzIn0sImlhdCI6MTY3NTMwNTQzNywiZXhwIjoxNjc1MzkxODM3fQ.pJ1OZjoZV52li5JqYw72z41eHxUEalihA1gGQsaR_y8 no está implementada"}
{"level":40,"time":1675305484484,"pid":17121,"hostname":"Christians-MacBook-Pro.local","msg":"Ruta GET /favicon.ico no está implementada"}
{"level":40,"time":1675305556146,"pid":17121,"hostname":"Christians-MacBook-Pro.local","msg":"Ruta GET /favicon.ico no está implementada"}
{"level":40,"time":1675305585774,"pid":17121,"hostname":"Christians-MacBook-Pro.local","msg":"Ruta GET /favicon.ico no está implementada"}
{"level":40,"time":1675305589550,"pid":17121,"hostname":"Christians-MacBook-Pro.local","msg":"Ruta GET /favicon.ico no está implementada"}
{"level":40,"time":1675305624153,"pid":17121,"hostname":"Christians-MacBook-Pro.local","msg":"Ruta GET /favicon.ico no está implementada"}
{"level":40,"time":1675305625791,"pid":17121,"hostname":"Christians-MacBook-Pro.local","msg":"Ruta GET /signup no está implementada"}
{"level":40,"time":1675305625922,"pid":17121,"hostname":"Christians-MacBook-Pro.local","msg":"Ruta GET /favicon.ico no está implementada"}
{"level":40,"time":1675305712657,"pid":17191,"hostname":"Christians-MacBook-Pro.local","msg":"Ruta GET /signup no está implementada"}
{"level":40,"time":1675305712686,"pid":17191,"hostname":"Christians-MacBook-Pro.local","msg":"Ruta GET /favicon.ico no está implementada"}
{"level":40,"time":1675305720006,"pid":17191,"hostname":"Christians-MacBook-Pro.local","msg":"Ruta GET /signup no está implementada"}
{"level":40,"time":1675305720020,"pid":17191,"hostname":"Christians-MacBook-Pro.local","msg":"Ruta GET /favicon.ico no está implementada"}
{"level":40,"time":1675305727384,"pid":17191,"hostname":"Christians-MacBook-Pro.local","msg":"Ruta GET /signup no está implementada"}
{"level":40,"time":1675305727400,"pid":17191,"hostname":"Christians-MacBook-Pro.local","msg":"Ruta GET /favicon.ico no está implementada"}
{"level":40,"time":1675305770572,"pid":17237,"hostname":"Christians-MacBook-Pro.local","msg":"Ruta GET /signup no está implementada"}
{"level":40,"time":1675305770595,"pid":17237,"hostname":"Christians-MacBook-Pro.local","msg":"Ruta GET /favicon.ico no está implementada"}
{"level":40,"time":1675305778928,"pid":17237,"hostname":"Christians-MacBook-Pro.local","msg":"Ruta GET /register no está implementada"}
{"level":40,"time":1675305778945,"pid":17237,"hostname":"Christians-MacBook-Pro.local","msg":"Ruta GET /favicon.ico no está implementada"}
{"level":40,"time":1675305805132,"pid":17288,"hostname":"Christians-MacBook-Pro.local","msg":"Ruta GET /favicon.ico no está implementada"}
{"level":40,"time":1675305806505,"pid":17288,"hostname":"Christians-MacBook-Pro.local","msg":"Ruta GET /signup no está implementada"}
{"level":40,"time":1675305806523,"pid":17288,"hostname":"Christians-MacBook-Pro.local","msg":"Ruta GET /favicon.ico no está implementada"}
{"level":40,"time":1675305819248,"pid":17329,"hostname":"Christians-MacBook-Pro.local","msg":"Ruta GET /favicon.ico no está implementada"}
{"level":40,"time":1675305869815,"pid":17329,"hostname":"Christians-MacBook-Pro.local","msg":"Ruta GET /favicon.ico no está implementada"}
{"level":40,"time":1675305879686,"pid":17329,"hostname":"Christians-MacBook-Pro.local","msg":"Ruta GET /register/errorRegister no está implementada"}
{"level":40,"time":1675305879715,"pid":17329,"hostname":"Christians-MacBook-Pro.local","msg":"Ruta GET /favicon.ico no está implementada"}
{"level":40,"time":1675305911658,"pid":17382,"hostname":"Christians-MacBook-Pro.local","msg":"Ruta GET /register no está implementada"}
{"level":40,"time":1675305911676,"pid":17382,"hostname":"Christians-MacBook-Pro.local","msg":"Ruta GET /favicon.ico no está implementada"}
{"level":40,"time":1675305917489,"pid":17382,"hostname":"Christians-MacBook-Pro.local","msg":"Ruta GET /favicon.ico no está implementada"}
{"level":40,"time":1675305925611,"pid":17382,"hostname":"Christians-MacBook-Pro.local","msg":"Ruta GET /favicon.ico no está implementada"}
{"level":40,"time":1675305926763,"pid":17382,"hostname":"Christians-MacBook-Pro.local","msg":"Ruta GET /favicon.ico no está implementada"}
{"level":40,"time":1675306700879,"pid":17456,"hostname":"Christians-MacBook-Pro.local","msg":"Ruta GET /favicon.ico no está implementada"}
{"level":40,"time":1675306810839,"pid":17456,"hostname":"Christians-MacBook-Pro.local","msg":"Ruta GET /favicon.ico no está implementada"}
{"level":40,"time":1675306824380,"pid":17456,"hostname":"Christians-MacBook-Pro.local","msg":"Ruta GET /favicon.ico no está implementada"}
{"level":40,"time":1675306841552,"pid":17456,"hostname":"Christians-MacBook-Pro.local","msg":"Ruta GET /favicon.ico no está implementada"}
{"level":40,"time":1675306982614,"pid":17456,"hostname":"Christians-MacBook-Pro.local","msg":"Ruta GET /favicon.ico no está implementada"}
{"level":40,"time":1675306988029,"pid":17456,"hostname":"Christians-MacBook-Pro.local","msg":"Ruta GET /favicon.ico no está implementada"}
{"level":40,"time":1675307068500,"pid":17456,"hostname":"Christians-MacBook-Pro.local","msg":"Ruta GET /favicon.ico no está implementada"}
{"level":40,"time":1675307105099,"pid":17456,"hostname":"Christians-MacBook-Pro.local","msg":"Ruta GET /favicon.ico no está implementada"}
{"level":40,"time":1675307226672,"pid":17927,"hostname":"Christians-MacBook-Pro.local","msg":"Ruta GET /favicon.ico no está implementada"}
{"level":40,"time":1675307231878,"pid":17927,"hostname":"Christians-MacBook-Pro.local","msg":"Ruta GET /favicon.ico no está implementada"}
{"level":40,"time":1675307279783,"pid":17927,"hostname":"Christians-MacBook-Pro.local","msg":"Ruta GET /favicon.ico no está implementada"}
{"level":40,"time":1675307390420,"pid":17979,"hostname":"Christians-MacBook-Pro.local","msg":"Ruta GET /favicon.ico no está implementada"}
{"level":40,"time":1675307447134,"pid":18022,"hostname":"Christians-MacBook-Pro.local","msg":"Ruta GET /favicon.ico no está implementada"}
{"level":40,"time":1675307485993,"pid":18067,"hostname":"Christians-MacBook-Pro.local","msg":"Ruta GET /favicon.ico no está implementada"}
{"level":40,"time":1675307533598,"pid":18109,"hostname":"Christians-MacBook-Pro.local","msg":"Ruta GET /favicon.ico no está implementada"}
{"level":40,"time":1675307539200,"pid":18109,"hostname":"Christians-MacBook-Pro.local","msg":"Ruta GET /favicon.ico no está implementada"}
{"level":40,"time":1675307578756,"pid":18109,"hostname":"Christians-MacBook-Pro.local","msg":"Ruta GET /favicon.ico no está implementada"}
{"level":40,"time":1675308102364,"pid":18364,"hostname":"Christians-MacBook-Pro.local","msg":"Ruta GET /favicon.ico no está implementada"}
{"level":40,"time":1675308133674,"pid":18407,"hostname":"Christians-MacBook-Pro.local","msg":"Ruta GET /favicon.ico no está implementada"}
{"level":40,"time":1675308685316,"pid":18608,"hostname":"Christians-MacBook-Pro.local","msg":"Ruta GET /favicon.ico no está implementada"}
{"level":40,"time":1675308719791,"pid":18665,"hostname":"Christians-MacBook-Pro.local","msg":"Ruta GET /api/productos?token=eyJhbGciOiJIUzI1NiIsInR5cCI6IkpXVCJ9.eyJkYXRhIjp7InVzZXJuYW1lIjoiY3dvb2xmYUBnbWFpbC5jb20iLCJwYXNzd29yZCI6ImFhYSJ9LCJpYXQiOjE2NzUzMDc1MzksImV4cCI6MTY3NTM5MzkzOX0.FYM09u6v8PV8sEifTig-VNlPRQ51Z07NKH5LFeesIPg no está implementada"}
{"level":40,"time":1675308719814,"pid":18665,"hostname":"Christians-MacBook-Pro.local","msg":"Ruta GET /favicon.ico no está implementada"}
{"level":40,"time":1675308738119,"pid":18665,"hostname":"Christians-MacBook-Pro.local","msg":"Ruta GET /api/productos?token=eyJhbGciOiJIUzI1NiIsInR5cCI6IkpXVCJ9.eyJkYXRhIjp7InVzZXJuYW1lIjoiY3dvb2xmYUBnbWFpbC5jb20iLCJwYXNzd29yZCI6ImFhYSJ9LCJpYXQiOjE2NzUzMDc1MzksImV4cCI6MTY3NTM5MzkzOX0.FYM09u6v8PV8sEifTig-VNlPRQ51Z07NKH5LFeesIPg/ no está implementada"}
{"level":40,"time":1675308738137,"pid":18665,"hostname":"Christians-MacBook-Pro.local","msg":"Ruta GET /favicon.ico no está implementada"}
{"level":40,"time":1675308752224,"pid":18665,"hostname":"Christians-MacBook-Pro.local","msg":"Ruta GET /api/productos/?token=eyJhbGciOiJIUzI1NiIsInR5cCI6IkpXVCJ9.eyJkYXRhIjp7InVzZXJuYW1lIjoiY3dvb2xmYUBnbWFpbC5jb20iLCJwYXNzd29yZCI6ImFhYSJ9LCJpYXQiOjE2NzUzMDc1MzksImV4cCI6MTY3NTM5MzkzOX0.FYM09u6v8PV8sEifTig-VNlPRQ51Z07NKH5LFeesIPg/ no está implementada"}
{"level":40,"time":1675308752247,"pid":18665,"hostname":"Christians-MacBook-Pro.local","msg":"Ruta GET /favicon.ico no está implementada"}
{"level":40,"time":1675308773629,"pid":18665,"hostname":"Christians-MacBook-Pro.local","msg":"Ruta GET /favicon.ico no está implementada"}
{"level":40,"time":1675308877517,"pid":18717,"hostname":"Christians-MacBook-Pro.local","msg":"Ruta GET /favicon.ico no está implementada"}
{"level":40,"time":1675308895024,"pid":18717,"hostname":"Christians-MacBook-Pro.local","msg":"Ruta GET /favicon.ico no está implementada"}
{"level":40,"time":1675308912122,"pid":18760,"hostname":"Christians-MacBook-Pro.local","msg":"Ruta GET /favicon.ico no está implementada"}
{"level":40,"time":1675308933774,"pid":18760,"hostname":"Christians-MacBook-Pro.local","msg":"Ruta GET /favicon.ico no está implementada"}
{"level":40,"time":1675308983948,"pid":18804,"hostname":"Christians-MacBook-Pro.local","msg":"Ruta GET /favicon.ico no está implementada"}
{"level":40,"time":1675309026662,"pid":18862,"hostname":"Christians-MacBook-Pro.local","msg":"Ruta GET /favicon.ico no está implementada"}
{"level":40,"time":1675309050028,"pid":18907,"hostname":"Christians-MacBook-Pro.local","msg":"Ruta GET /favicon.ico no está implementada"}
{"level":40,"time":1675309092396,"pid":18907,"hostname":"Christians-MacBook-Pro.local","msg":"Ruta GET /favicon.ico no está implementada"}
{"level":40,"time":1675311008149,"pid":19078,"hostname":"Christians-MacBook-Pro.local","msg":"Ruta GET /favicon.ico no está implementada"}
{"level":40,"time":1675311316162,"pid":19417,"hostname":"Christians-MacBook-Pro.local","msg":"Ruta GET /favicon.ico no está implementada"}
{"level":40,"time":1675311405426,"pid":19558,"hostname":"Christians-MacBook-Pro.local","msg":"Ruta GET /favicon.ico no está implementada"}
{"level":40,"time":1675311434077,"pid":19604,"hostname":"Christians-MacBook-Pro.local","msg":"Ruta GET /favicon.ico no está implementada"}
{"level":40,"time":1675311438290,"pid":19604,"hostname":"Christians-MacBook-Pro.local","msg":"Ruta GET /favicon.ico no está implementada"}
{"level":40,"time":1675311650595,"pid":20016,"hostname":"Christians-MacBook-Pro.local","msg":"Ruta GET /favicon.ico no está implementada"}
{"level":40,"time":1675311656163,"pid":20016,"hostname":"Christians-MacBook-Pro.local","msg":"Ruta GET /favicon.ico no está implementada"}
{"level":40,"time":1675311657595,"pid":20016,"hostname":"Christians-MacBook-Pro.local","msg":"Ruta GET /favicon.ico no está implementada"}
{"level":40,"time":1675313368374,"pid":21369,"hostname":"Christians-MacBook-Pro.local","msg":"Ruta GET /api/productos/638a613ba63535cb025e39db?token=eyJhbGciOiJIUzI1NiIsInR5cCI6IkpXVCJ9.eyJkYXRhIjp7InVzZXJuYW1lIjoiY3dvb2xmYUBnbWFpbC5jb20iLCJwYXNzd29yZCI6ImFhYSJ9LCJpYXQiOjE2NzUzMDc1MzksImV4cCI6MTY3NTM5MzkzOX0.FYM09u6v8PV8sEifTig-VNlPRQ51Z07NKH5LFeesIPg no está implementada"}
{"level":40,"time":1675313368401,"pid":21369,"hostname":"Christians-MacBook-Pro.local","msg":"Ruta GET /favicon.ico no está implementada"}
{"level":40,"time":1675313376024,"pid":21369,"hostname":"Christians-MacBook-Pro.local","msg":"Ruta GET /favicon.ico no está implementada"}
{"level":40,"time":1675313640963,"pid":21423,"hostname":"Christians-MacBook-Pro.local","msg":"Ruta GET /productos/?token=eyJhbGciOiJIUzI1NiIsInR5cCI6IkpXVCJ9.eyJkYXRhIjp7InVzZXJuYW1lIjoiY3dvb2xmYUBnbWFpbC5jb20iLCJwYXNzd29yZCI6ImFhYSJ9LCJpYXQiOjE2NzUzMDc1MzksImV4cCI6MTY3NTM5MzkzOX0.FYM09u6v8PV8sEifTig-VNlPRQ51Z07NKH5LFeesIPg no está implementada"}
{"level":40,"time":1675313640987,"pid":21423,"hostname":"Christians-MacBook-Pro.local","msg":"Ruta GET /favicon.ico no está implementada"}
{"level":40,"time":1675313647159,"pid":21423,"hostname":"Christians-MacBook-Pro.local","msg":"Ruta GET /favicon.ico no está implementada"}
{"level":40,"time":1675313658781,"pid":21423,"hostname":"Christians-MacBook-Pro.local","msg":"Ruta GET /favicon.ico no está implementada"}
{"level":40,"time":1675392356884,"pid":2848,"hostname":"Christians-MacBook-Pro.local","msg":"Ruta GET /productos/?token=eyJhbGciOiJIUzI1NiIsInR5cCI6IkpXVCJ9.eyJkYXRhIjp7InVzZXJuYW1lIjoiY3dvb2xmYUBnbWFpbC5jb20iLCJwYXNzd29yZCI6ImFhYSJ9LCJpYXQiOjE2NzUzMDc1MzksImV4cCI6MTY3NTM5MzkzOX0.FYM09u6v8PV8sEifTig-VNlPRQ51Z07NKH5LFeesIPg no está implementada"}
{"level":40,"time":1675879937009,"pid":2995,"hostname":"Christians-MacBook-Pro.local","msg":"Ruta GET /favicon.ico no está implementada"}
{"level":40,"time":1675879943374,"pid":2995,"hostname":"Christians-MacBook-Pro.local","msg":"Ruta GET /favicon.ico no está implementada"}
{"level":40,"time":1675912796659,"pid":6889,"hostname":"Christians-MacBook-Pro.local","msg":"Ruta GET /favicon.ico no está implementada"}
{"level":40,"time":1675912803564,"pid":6889,"hostname":"Christians-MacBook-Pro.local","msg":"Ruta GET /favicon.ico no está implementada"}
